<?xml version="1.0"?><coverage lines-covered="6212" lines-valid="9273" line-rate="0.7314015357909002" branches-covered="0" branches-valid="0" branch-rate="0" complexity="0" version="1.9" timestamp="1589649145"><sources><source>/workspaces/ruruby</source></sources><packages><package name="src/value" line-rate="0.7306226175349428" branch-rate="0" complexity="0"><classes><class name="array" filename="src/value/array.rs" line-rate="0.8833333333333333" branch-rate="0" complexity="0"><methods/><lines><line number="9" hits="11"/><line number="13" hits="4"/><line number="14" hits="4"/><line number="15" hits="4"/><line number="16" hits="4"/><line number="17" hits="4"/><line number="18" hits="8"/><line number="19" hits="3"/><line number="20" hits="1"/><line number="22" hits="6"/><line number="25" hits="2"/><line number="26" hits="2"/><line number="27" hits="0"/><line number="28" hits="3"/><line number="29" hits="1"/><line number="31" hits="1"/><line number="32" hits="2"/><line number="33" hits="1"/><line number="34" hits="1"/><line number="37" hits="3"/><line number="40" hits="2"/><line number="41" hits="4"/><line number="42" hits="2"/><line number="43" hits="2"/><line number="44" hits="2"/><line number="45" hits="2"/><line number="46" hits="4"/><line number="47" hits="2"/><line number="48" hits="1"/><line number="49" hits="1"/><line number="50" hits="1"/><line number="52" hits="2"/><line number="53" hits="1"/><line number="56" hits="2"/><line number="57" hits="1"/><line number="58" hits="1"/><line number="59" hits="0"/><line number="61" hits="1"/><line number="62" hits="2"/><line number="63" hits="2"/><line number="64" hits="1"/><line number="65" hits="0"/><line number="66" hits="0"/><line number="67" hits="0"/><line number="68" hits="0"/><line number="70" hits="0"/><line number="71" hits="2"/><line number="72" hits="1"/><line number="76" hits="1"/><line number="79" hits="8"/><line number="80" hits="21"/><line number="81" hits="8"/><line number="82" hits="2"/><line number="83" hits="7"/><line number="84" hits="7"/><line number="85" hits="23"/><line number="86" hits="8"/><line number="88" hits="18"/><line number="97" hits="12"/><line number="98" hits="11"/></lines></class><class name="hash" filename="src/value/hash.rs" line-rate="0.5583333333333333" branch-rate="0" complexity="0"><methods/><lines><line number="17" hits="2"/><line number="18" hits="2"/><line number="23" hits="2"/><line number="24" hits="5"/><line number="25" hits="4"/><line number="26" hits="2"/><line number="27" hits="1"/><line number="28" hits="0"/><line number="29" hits="1"/><line number="30" hits="0"/><line number="31" hits="0"/><line number="32" hits="0"/><line number="33" hits="0"/><line number="34" hits="0"/><line number="35" hits="0"/><line number="38" hits="0"/><line number="39" hits="0"/><line number="48" hits="1"/><line number="49" hits="1"/><line number="50" hits="1"/><line number="52" hits="3"/><line number="53" hits="1"/><line number="54" hits="3"/><line number="55" hits="1"/><line number="56" hits="0"/><line number="57" hits="2"/><line number="58" hits="0"/><line number="59" hits="0"/><line number="60" hits="0"/><line number="61" hits="0"/><line number="62" hits="0"/><line number="64" hits="0"/><line number="76" hits="0"/><line number="77" hits="0"/><line number="82" hits="1"/><line number="83" hits="1"/><line number="90" hits="1"/><line number="91" hits="1"/><line number="104" hits="0"/><line number="105" hits="0"/><line number="106" hits="0"/><line number="107" hits="0"/><line number="114" hits="0"/><line number="115" hits="0"/><line number="116" hits="0"/><line number="117" hits="0"/><line number="118" hits="0"/><line number="120" hits="0"/><line number="121" hits="0"/><line number="122" hits="0"/><line number="143" hits="3"/><line number="144" hits="3"/><line number="145" hits="6"/><line number="146" hits="0"/><line number="160" hits="3"/><line number="161" hits="3"/><line number="162" hits="9"/><line number="163" hits="6"/><line number="164" hits="2"/><line number="166" hits="0"/><line number="167" hits="0"/><line number="168" hits="0"/><line number="184" hits="0"/><line number="185" hits="0"/><line number="198" hits="0"/><line number="199" hits="0"/><line number="204" hits="4"/><line number="205" hits="4"/><line number="208" hits="2"/><line number="209" hits="2"/><line number="212" hits="0"/><line number="213" hits="0"/><line number="216" hits="1"/><line number="217" hits="2"/><line number="218" hits="2"/><line number="219" hits="1"/><line number="223" hits="1"/><line number="224" hits="1"/><line number="225" hits="2"/><line number="226" hits="0"/><line number="230" hits="1"/><line number="231" hits="1"/><line number="232" hits="2"/><line number="233" hits="0"/><line number="237" hits="1"/><line number="238" hits="2"/><line number="239" hits="2"/><line number="240" hits="1"/><line number="244" hits="1"/><line number="245" hits="1"/><line number="246" hits="2"/><line number="247" hits="0"/><line number="251" hits="1"/><line number="252" hits="1"/><line number="253" hits="2"/><line number="254" hits="0"/><line number="258" hits="0"/><line number="259" hits="0"/><line number="260" hits="0"/><line number="261" hits="0"/><line number="265" hits="0"/><line number="266" hits="0"/><line number="267" hits="0"/><line number="268" hits="0"/><line number="272" hits="1"/><line number="273" hits="2"/><line number="274" hits="1"/><line number="275" hits="0"/><line number="276" hits="1"/><line number="277" hits="1"/><line number="278" hits="3"/><line number="279" hits="1"/><line number="280" hits="1"/><line number="281" hits="3"/><line number="282" hits="2"/><line number="284" hits="2"/><line number="286" hits="1"/><line number="288" hits="2"/><line number="297" hits="4"/><line number="298" hits="4"/></lines></class><class name="rvalue" filename="src/value/rvalue.rs" line-rate="0.7565217391304347" branch-rate="0" complexity="0"><methods/><lines><line number="33" hits="0"/><line number="34" hits="0"/><line number="37" hits="32"/><line number="38" hits="32"/><line number="41" hits="0"/><line number="43" hits="0"/><line number="44" hits="0"/><line number="45" hits="0"/><line number="65" hits="0"/><line number="66" hits="0"/><line number="69" hits="0"/><line number="70" hits="0"/><line number="73" hits="0"/><line number="74" hits="0"/><line number="75" hits="0"/><line number="76" hits="0"/><line number="77" hits="0"/><line number="78" hits="0"/><line number="80" hits="0"/><line number="83" hits="32"/><line number="85" hits="32"/><line number="86" hits="32"/><line number="87" hits="32"/><line number="91" hits="5"/><line number="93" hits="6"/><line number="94" hits="7"/><line number="95" hits="7"/><line number="99" hits="0"/><line number="101" hits="0"/><line number="102" hits="0"/><line number="103" hits="0"/><line number="107" hits="5"/><line number="109" hits="5"/><line number="110" hits="5"/><line number="111" hits="5"/><line number="115" hits="1"/><line number="117" hits="1"/><line number="118" hits="1"/><line number="119" hits="1"/><line number="123" hits="32"/><line number="126" hits="32"/><line number="131" hits="32"/><line number="133" hits="32"/><line number="134" hits="32"/><line number="135" hits="32"/><line number="139" hits="1"/><line number="141" hits="1"/><line number="142" hits="1"/><line number="143" hits="1"/><line number="147" hits="12"/><line number="149" hits="12"/><line number="150" hits="12"/><line number="151" hits="12"/><line number="155" hits="2"/><line number="157" hits="2"/><line number="158" hits="2"/><line number="159" hits="2"/><line number="163" hits="3"/><line number="165" hits="3"/><line number="166" hits="3"/><line number="167" hits="3"/><line number="171" hits="4"/><line number="173" hits="2"/><line number="174" hits="4"/><line number="175" hits="2"/><line number="179" hits="4"/><line number="181" hits="4"/><line number="182" hits="4"/><line number="183" hits="4"/><line number="187" hits="2"/><line number="189" hits="2"/><line number="190" hits="2"/><line number="191" hits="2"/><line number="195" hits="1"/><line number="197" hits="1"/><line number="198" hits="1"/><line number="199" hits="1"/><line number="203" hits="1"/><line number="210" hits="2"/><line number="212" hits="1"/><line number="213" hits="2"/><line number="214" hits="2"/><line number="218" hits="1"/><line number="224" hits="1"/><line number="225" hits="1"/><line number="227" hits="1"/><line number="228" hits="1"/><line number="229" hits="1"/><line number="240" hits="32"/><line number="241" hits="64"/><line number="245" hits="32"/><line number="246" hits="32"/><line number="250" hits="2"/><line number="251" hits="2"/><line number="252" hits="1"/><line number="253" hits="2"/><line number="254" hits="1"/><line number="256" hits="2"/><line number="262" hits="32"/><line number="263" hits="32"/><line number="266" hits="5"/><line number="267" hits="5"/><line number="270" hits="1"/><line number="271" hits="1"/><line number="274" hits="30"/><line number="275" hits="30"/><line number="278" hits="1"/><line number="279" hits="1"/><line number="282" hits="0"/><line number="283" hits="0"/><line number="286" hits="0"/><line number="287" hits="0"/><line number="288" hits="0"/><line number="289" hits="0"/><line number="290" hits="0"/></lines></class><class name="value" filename="src/value/value.rs" line-rate="0.7479674796747967" branch-rate="0" complexity="0"><methods/><lines><line number="58" hits="1"/><line number="59" hits="3"/><line number="60" hits="3"/><line number="61" hits="1"/><line number="62" hits="3"/><line number="63" hits="1"/><line number="64" hits="1"/><line number="65" hits="1"/><line number="66" hits="1"/><line number="67" hits="1"/><line number="77" hits="1"/><line number="78" hits="1"/><line number="83" hits="6"/><line number="84" hits="15"/><line number="85" hits="9"/><line number="86" hits="7"/><line number="87" hits="7"/><line number="88" hits="0"/><line number="89" hits="0"/><line number="90" hits="0"/><line number="91" hits="0"/><line number="92" hits="0"/><line number="93" hits="0"/><line number="94" hits="0"/><line number="95" hits="0"/><line number="98" hits="0"/><line number="99" hits="7"/><line number="106" hits="7"/><line number="107" hits="7"/><line number="108" hits="6"/><line number="110" hits="6"/><line number="111" hits="2"/><line number="112" hits="0"/><line number="113" hits="0"/><line number="114" hits="0"/><line number="116" hits="0"/><line number="117" hits="0"/><line number="119" hits="0"/><line number="122" hits="2"/><line number="124" hits="15"/><line number="125" hits="4"/><line number="126" hits="0"/><line number="127" hits="6"/><line number="128" hits="6"/><line number="129" hits="0"/><line number="130" hits="0"/><line number="132" hits="0"/><line number="133" hits="0"/><line number="134" hits="0"/><line number="135" hits="0"/><line number="137" hits="2"/><line number="144" hits="0"/><line number="145" hits="0"/><line number="150" hits="32"/><line number="151" hits="68"/><line number="152" hits="32"/><line number="153" hits="37"/><line number="154" hits="37"/><line number="155" hits="0"/><line number="156" hits="64"/><line number="158" hits="15"/><line number="159" hits="4"/><line number="160" hits="11"/><line number="161" hits="3"/><line number="162" hits="5"/><line number="163" hits="1"/><line number="165" hits="7"/><line number="166" hits="4"/><line number="169" hits="1"/><line number="175" hits="11"/><line number="176" hits="12"/><line number="179" hits="32"/><line number="180" hits="32"/><line number="183" hits="0"/><line number="184" hits="0"/><line number="185" hits="0"/><line number="186" hits="0"/><line number="192" hits="32"/><line number="193" hits="42"/><line number="194" hits="10"/><line number="196" hits="64"/><line number="202" hits="0"/><line number="203" hits="0"/><line number="204" hits="0"/><line number="206" hits="0"/><line number="210" hits="32"/><line number="211" hits="32"/><line number="214" hits="0"/><line number="215" hits="0"/><line number="218" hits="6"/><line number="219" hits="15"/><line number="220" hits="6"/><line number="221" hits="4"/><line number="222" hits="2"/><line number="223" hits="0"/><line number="224" hits="0"/><line number="225" hits="0"/><line number="226" hits="0"/><line number="228" hits="0"/><line number="231" hits="6"/><line number="232" hits="6"/><line number="233" hits="0"/><line number="234" hits="7"/><line number="239" hits="2"/><line number="240" hits="5"/><line number="241" hits="3"/><line number="242" hits="0"/><line number="243" hits="2"/><line number="244" hits="0"/><line number="248" hits="2"/><line number="249" hits="4"/><line number="250" hits="4"/><line number="251" hits="2"/><line number="252" hits="4"/><line number="253" hits="0"/><line number="255" hits="2"/><line number="258" hits="0"/><line number="262" hits="30"/><line number="263" hits="30"/><line number="266" hits="5"/><line number="267" hits="5"/><line number="270" hits="0"/><line number="271" hits="0"/><line number="272" hits="0"/><line number="273" hits="0"/><line number="274" hits="0"/><line number="276" hits="0"/><line number="280" hits="11"/><line number="281" hits="11"/><line number="282" hits="29"/><line number="283" hits="27"/><line number="284" hits="0"/><line number="285" hits="19"/><line number="286" hits="9"/><line number="287" hits="18"/><line number="288" hits="0"/><line number="291" hits="2"/><line number="298" hits="4"/><line number="299" hits="4"/><line number="302" hits="1"/><line number="303" hits="1"/><line number="306" hits="5"/><line number="307" hits="5"/><line number="310" hits="3"/><line number="311" hits="3"/><line number="314" hits="4"/><line number="315" hits="4"/><line number="318" hits="32"/><line number="319" hits="32"/><line number="322" hits="0"/><line number="323" hits="0"/><line number="326" hits="4"/><line number="327" hits="4"/><line number="330" hits="32"/><line number="331" hits="32"/><line number="334" hits="4"/><line number="335" hits="9"/><line number="336" hits="4"/><line number="338" hits="2"/><line number="339" hits="3"/><line number="340" hits="2"/><line number="341" hits="1"/><line number="343" hits="0"/><line number="348" hits="4"/><line number="349" hits="12"/><line number="350" hits="8"/><line number="351" hits="0"/><line number="355" hits="1"/><line number="356" hits="2"/><line number="357" hits="1"/><line number="359" hits="0"/><line number="360" hits="0"/><line number="361" hits="0"/><line number="362" hits="0"/><line number="364" hits="0"/><line number="369" hits="2"/><line number="370" hits="4"/><line number="371" hits="4"/><line number="372" hits="4"/><line number="373" hits="0"/><line number="375" hits="0"/><line number="379" hits="0"/><line number="380" hits="0"/><line number="381" hits="0"/><line number="382" hits="0"/><line number="383" hits="0"/><line number="385" hits="0"/><line number="389" hits="1"/><line number="390" hits="2"/><line number="391" hits="3"/><line number="392" hits="2"/><line number="393" hits="2"/><line number="394" hits="0"/><line number="396" hits="0"/><line number="400" hits="3"/><line number="401" hits="7"/><line number="402" hits="10"/><line number="403" hits="6"/><line number="404" hits="1"/><line number="406" hits="1"/><line number="410" hits="32"/><line number="411" hits="32"/><line number="414" hits="32"/><line number="415" hits="42"/><line number="416" hits="64"/><line number="417" hits="10"/><line number="421" hits="32"/><line number="422" hits="32"/><line number="425" hits="32"/><line number="426" hits="64"/><line number="427" hits="64"/><line number="428" hits="64"/><line number="429" hits="0"/><line number="431" hits="0"/><line number="435" hits="9"/><line number="436" hits="22"/><line number="437" hits="37"/><line number="438" hits="29"/><line number="439" hits="0"/><line number="441" hits="3"/><line number="445" hits="2"/><line number="446" hits="4"/><line number="447" hits="6"/><line number="448" hits="2"/><line number="449" hits="2"/><line number="451" hits="0"/><line number="455" hits="5"/><line number="456" hits="19"/><line number="457" hits="16"/><line number="458" hits="14"/><line number="459" hits="1"/><line number="461" hits="4"/><line number="465" hits="2"/><line number="466" hits="4"/><line number="467" hits="4"/><line number="468" hits="4"/><line number="469" hits="0"/><line number="471" hits="0"/><line number="475" hits="12"/><line number="476" hits="26"/><line number="477" hits="12"/><line number="478" hits="7"/><line number="479" hits="4"/><line number="481" hits="10"/><line number="485" hits="2"/><line number="486" hits="4"/><line number="487" hits="4"/><line number="488" hits="4"/><line number="489" hits="0"/><line number="491" hits="0"/><line number="495" hits="1"/><line number="496" hits="4"/><line number="497" hits="3"/><line number="498" hits="5"/><line number="499" hits="0"/><line number="501" hits="0"/><line number="505" hits="3"/><line number="506" hits="6"/><line number="507" hits="6"/><line number="508" hits="6"/><line number="509" hits="0"/><line number="511" hits="0"/><line number="515" hits="1"/><line number="516" hits="2"/><line number="517" hits="2"/><line number="518" hits="2"/><line number="519" hits="0"/><line number="521" hits="0"/><line number="525" hits="0"/><line number="526" hits="0"/><line number="527" hits="0"/><line number="528" hits="0"/><line number="529" hits="0"/><line number="531" hits="0"/><line number="535" hits="0"/><line number="536" hits="0"/><line number="537" hits="0"/><line number="538" hits="0"/><line number="539" hits="0"/><line number="541" hits="0"/><line number="545" hits="3"/><line number="546" hits="4"/><line number="547" hits="3"/><line number="549" hits="1"/><line number="553" hits="4"/><line number="554" hits="4"/><line number="557" hits="3"/><line number="558" hits="3"/><line number="559" hits="1"/><line number="561" hits="11"/><line number="562" hits="3"/><line number="564" hits="2"/><line number="568" hits="3"/><line number="571" hits="3"/><line number="572" hits="3"/><line number="575" hits="7"/><line number="576" hits="8"/><line number="579" hits="25"/><line number="580" hits="25"/><line number="583" hits="3"/><line number="584" hits="3"/><line number="587" hits="3"/><line number="588" hits="3"/><line number="591" hits="5"/><line number="592" hits="9"/><line number="593" hits="5"/><line number="595" hits="4"/><line number="599" hits="18"/><line number="600" hits="19"/><line number="601" hits="46"/><line number="602" hits="19"/><line number="604" hits="11"/><line number="608" hits="3"/><line number="609" hits="3"/><line number="610" hits="1"/><line number="612" hits="3"/><line number="613" hits="3"/><line number="614" hits="6"/><line number="615" hits="3"/><line number="617" hits="0"/><line number="621" hits="5"/><line number="622" hits="5"/><line number="625" hits="1"/><line number="626" hits="1"/><line number="629" hits="3"/><line number="630" hits="3"/><line number="631" hits="3"/><line number="634" hits="2"/><line number="635" hits="2"/><line number="636" hits="2"/><line number="639" hits="32"/><line number="640" hits="32"/><line number="643" hits="32"/><line number="644" hits="32"/><line number="647" hits="32"/><line number="648" hits="32"/><line number="651" hits="32"/><line number="652" hits="32"/><line number="655" hits="3"/><line number="660" hits="3"/><line number="663" hits="1"/><line number="664" hits="1"/><line number="667" hits="1"/><line number="668" hits="1"/><line number="671" hits="12"/><line number="672" hits="12"/><line number="675" hits="3"/><line number="676" hits="3"/><line number="679" hits="4"/><line number="680" hits="2"/><line number="683" hits="1"/><line number="684" hits="1"/><line number="687" hits="4"/><line number="688" hits="2"/><line number="691" hits="2"/><line number="692" hits="2"/><line number="695" hits="1"/><line number="696" hits="1"/><line number="697" hits="1"/><line number="698" hits="1"/><line number="702" hits="1"/><line number="709" hits="1"/><line number="712" hits="1"/><line number="713" hits="1"/><line number="719" hits="12"/><line number="720" hits="13"/><line number="721" hits="9"/><line number="723" hits="12"/><line number="724" hits="5"/><line number="725" hits="5"/><line number="726" hits="10"/><line number="727" hits="2"/><line number="729" hits="1"/><line number="730" hits="2"/><line number="732" hits="5"/><line number="735" hits="2"/><line number="737" hits="28"/><line number="738" hits="10"/><line number="739" hits="0"/><line number="740" hits="0"/><line number="741" hits="0"/><line number="742" hits="4"/><line number="743" hits="21"/><line number="744" hits="2"/><line number="745" hits="3"/><line number="747" hits="3"/><line number="748" hits="0"/><line number="752" hits="1"/><line number="754" hits="2"/><line number="755" hits="2"/><line number="756" hits="0"/><line number="757" hits="1"/><line number="758" hits="0"/><line number="768" hits="3"/><line number="769" hits="1"/><line number="770" hits="1"/><line number="771" hits="1"/><line number="772" hits="0"/><line number="777" hits="3"/><line number="778" hits="1"/><line number="779" hits="1"/><line number="780" hits="1"/><line number="781" hits="0"/><line number="786" hits="3"/><line number="787" hits="1"/><line number="788" hits="1"/><line number="789" hits="1"/><line number="790" hits="0"/><line number="795" hits="3"/><line number="796" hits="1"/><line number="797" hits="1"/><line number="798" hits="1"/><line number="799" hits="0"/><line number="804" hits="3"/><line number="805" hits="1"/><line number="806" hits="1"/><line number="807" hits="1"/><line number="808" hits="0"/><line number="813" hits="3"/><line number="814" hits="1"/><line number="821" hits="2"/><line number="822" hits="1"/><line number="823" hits="2"/><line number="824" hits="0"/><line number="826" hits="1"/><line number="827" hits="0"/><line number="833" hits="3"/><line number="834" hits="1"/><line number="835" hits="1"/><line number="836" hits="1"/><line number="837" hits="0"/><line number="842" hits="3"/><line number="843" hits="1"/><line number="844" hits="1"/><line number="845" hits="1"/><line number="846" hits="0"/><line number="851" hits="3"/><line number="852" hits="1"/><line number="853" hits="1"/><line number="854" hits="1"/><line number="855" hits="0"/><line number="860" hits="3"/><line number="861" hits="1"/><line number="862" hits="1"/><line number="863" hits="1"/><line number="864" hits="0"/><line number="869" hits="3"/><line number="870" hits="1"/><line number="871" hits="1"/><line number="872" hits="1"/><line number="873" hits="0"/><line number="878" hits="3"/><line number="879" hits="1"/><line number="880" hits="1"/><line number="881" hits="1"/><line number="882" hits="0"/><line number="887" hits="3"/><line number="888" hits="1"/><line number="889" hits="1"/><line number="890" hits="1"/><line number="891" hits="0"/><line number="896" hits="3"/><line number="897" hits="1"/><line number="898" hits="1"/><line number="899" hits="1"/><line number="900" hits="0"/><line number="905" hits="3"/><line number="906" hits="1"/><line number="907" hits="1"/><line number="908" hits="2"/><line number="909" hits="1"/><line number="910" hits="1"/><line number="911" hits="1"/><line number="912" hits="0"/><line number="917" hits="3"/><line number="918" hits="1"/><line number="919" hits="2"/><line number="920" hits="1"/><line number="921" hits="1"/><line number="922" hits="0"/><line number="927" hits="3"/><line number="928" hits="1"/><line number="929" hits="2"/><line number="930" hits="1"/><line number="931" hits="1"/><line number="932" hits="1"/><line number="933" hits="0"/><line number="938" hits="3"/><line number="939" hits="1"/><line number="940" hits="1"/><line number="941" hits="1"/><line number="942" hits="0"/></lines></class></classes></package><package name="src/parse" line-rate="0.7453250222617988" branch-rate="0" complexity="0"><classes><class name="lexer" filename="src/parse/lexer.rs" line-rate="0.7263610315186246" branch-rate="0" complexity="0"><methods/><lines><line number="43" hits="32"/><line number="44" hits="32"/><line number="45" hits="32"/><line number="46" hits="0"/><line number="47" hits="0"/><line number="48" hits="0"/><line number="49" hits="0"/><line number="50" hits="0"/><line number="51" hits="0"/><line number="54" hits="32"/><line number="55" hits="0"/><line number="56" hits="0"/><line number="57" hits="0"/><line number="58" hits="0"/><line number="59" hits="0"/><line number="60" hits="0"/><line number="61" hits="0"/><line number="62" hits="0"/><line number="63" hits="0"/><line number="64" hits="0"/><line number="65" hits="0"/><line number="66" hits="0"/><line number="67" hits="0"/><line number="68" hits="0"/><line number="69" hits="0"/><line number="70" hits="0"/><line number="71" hits="0"/><line number="72" hits="0"/><line number="73" hits="0"/><line number="74" hits="0"/><line number="75" hits="0"/><line number="76" hits="0"/><line number="77" hits="0"/><line number="78" hits="0"/><line number="79" hits="0"/><line number="80" hits="0"/><line number="81" hits="0"/><line number="82" hits="0"/><line number="83" hits="0"/><line number="84" hits="0"/><line number="85" hits="0"/><line number="95" hits="32"/><line number="96" hits="64"/><line number="97" hits="32"/><line number="101" hits="2"/><line number="102" hits="2"/><line number="105" hits="0"/><line number="106" hits="0"/><line number="108" hits="0"/><line number="109" hits="0"/><line number="110" hits="0"/><line number="112" hits="0"/><line number="114" hits="0"/><line number="118" hits="4"/><line number="119" hits="4"/><line number="120" hits="5"/><line number="123" hits="0"/><line number="124" hits="0"/><line number="126" hits="0"/><line number="127" hits="0"/><line number="129" hits="0"/><line number="133" hits="3"/><line number="134" hits="6"/><line number="135" hits="3"/><line number="136" hits="3"/><line number="137" hits="3"/><line number="138" hits="6"/><line number="139" hits="3"/><line number="140" hits="1"/><line number="141" hits="0"/><line number="143" hits="3"/><line number="146" hits="6"/><line number="149" hits="7"/><line number="152" hits="35"/><line number="153" hits="70"/><line number="154" hits="35"/><line number="155" hits="35"/><line number="156" hits="35"/><line number="157" hits="35"/><line number="160" hits="32"/><line number="161" hits="32"/><line number="162" hits="32"/><line number="163" hits="64"/><line number="164" hits="13"/><line number="165" hits="42"/><line number="166" hits="4"/><line number="168" hits="0"/><line number="169" hits="6"/><line number="171" hits="0"/><line number="172" hits="3"/><line number="174" hits="0"/><line number="175" hits="3"/><line number="177" hits="0"/><line number="179" hits="30"/><line number="182" hits="22"/><line number="183" hits="37"/><line number="184" hits="22"/><line number="186" hits="26"/><line number="187" hits="27"/><line number="188" hits="27"/><line number="189" hits="27"/><line number="190" hits="27"/><line number="193" hits="32"/><line number="194" hits="60"/><line number="195" hits="56"/><line number="197" hits="32"/><line number="198" hits="0"/><line number="199" hits="60"/><line number="200" hits="32"/><line number="201" hits="49"/><line number="202" hits="0"/><line number="205" hits="21"/><line number="206" hits="21"/><line number="207" hits="21"/><line number="208" hits="21"/><line number="211" hits="27"/><line number="212" hits="27"/><line number="215" hits="27"/><line number="216" hits="27"/><line number="217" hits="27"/><line number="218" hits="27"/><line number="221" hits="32"/><line number="222" hits="32"/><line number="225" hits="32"/><line number="226" hits="33"/><line number="227" hits="32"/><line number="228" hits="78"/><line number="229" hits="56"/><line number="230" hits="56"/><line number="234" hits="28"/><line number="235" hits="28"/><line number="236" hits="56"/><line number="237" hits="17"/><line number="240" hits="28"/><line number="241" hits="25"/><line number="242" hits="22"/><line number="243" hits="5"/><line number="244" hits="24"/><line number="245" hits="0"/><line number="246" hits="12"/><line number="247" hits="1"/><line number="249" hits="0"/><line number="250" hits="4"/><line number="252" hits="3"/><line number="253" hits="0"/><line number="254" hits="3"/><line number="255" hits="2"/><line number="257" hits="6"/><line number="260" hits="5"/><line number="261" hits="0"/><line number="262" hits="4"/><line number="263" hits="2"/><line number="265" hits="8"/><line number="268" hits="0"/><line number="269" hits="4"/><line number="270" hits="1"/><line number="271" hits="8"/><line number="272" hits="1"/><line number="274" hits="8"/><line number="277" hits="0"/><line number="278" hits="3"/><line number="279" hits="1"/><line number="280" hits="6"/><line number="281" hits="0"/><line number="283" hits="6"/><line number="286" hits="0"/><line number="287" hits="3"/><line number="288" hits="0"/><line number="290" hits="6"/><line number="293" hits="0"/><line number="294" hits="2"/><line number="295" hits="1"/><line number="297" hits="4"/><line number="300" hits="10"/><line number="301" hits="7"/><line number="302" hits="0"/><line number="303" hits="1"/><line number="304" hits="0"/><line number="306" hits="2"/><line number="309" hits="1"/><line number="310" hits="4"/><line number="311" hits="4"/><line number="312" hits="4"/><line number="313" hits="4"/><line number="314" hits="8"/><line number="315" hits="0"/><line number="316" hits="6"/><line number="317" hits="0"/><line number="319" hits="0"/><line number="320" hits="4"/><line number="321" hits="3"/><line number="322" hits="2"/><line number="324" hits="4"/><line number="327" hits="8"/><line number="330" hits="1"/><line number="331" hits="0"/><line number="332" hits="0"/><line number="333" hits="6"/><line number="334" hits="5"/><line number="335" hits="2"/><line number="337" hits="10"/><line number="339" hits="12"/><line number="340" hits="1"/><line number="341" hits="12"/><line number="342" hits="0"/><line number="344" hits="12"/><line number="347" hits="0"/><line number="348" hits="3"/><line number="349" hits="2"/><line number="350" hits="4"/><line number="351" hits="1"/><line number="352" hits="1"/><line number="354" hits="2"/><line number="357" hits="4"/><line number="360" hits="0"/><line number="361" hits="4"/><line number="362" hits="3"/><line number="363" hits="1"/><line number="365" hits="6"/><line number="367" hits="6"/><line number="368" hits="2"/><line number="369" hits="1"/><line number="371" hits="4"/><line number="374" hits="8"/><line number="377" hits="0"/><line number="378" hits="3"/><line number="379" hits="4"/><line number="381" hits="2"/><line number="384" hits="0"/><line number="385" hits="2"/><line number="386" hits="1"/><line number="387" hits="4"/><line number="388" hits="1"/><line number="390" hits="4"/><line number="393" hits="0"/><line number="394" hits="4"/><line number="395" hits="2"/><line number="396" hits="0"/><line number="398" hits="4"/><line number="400" hits="6"/><line number="401" hits="1"/><line number="403" hits="6"/><line number="406" hits="0"/><line number="407" hits="2"/><line number="409" hits="0"/><line number="410" hits="2"/><line number="412" hits="0"/><line number="415" hits="0"/><line number="420" hits="27"/><line number="426" hits="27"/><line number="430" hits="50"/><line number="432" hits="56"/><line number="433" hits="60"/><line number="434" hits="29"/><line number="435" hits="29"/><line number="437" hits="0"/><line number="438" hits="2"/><line number="439" hits="4"/><line number="440" hits="2"/><line number="441" hits="2"/><line number="443" hits="2"/><line number="446" hits="0"/><line number="447" hits="0"/><line number="450" hits="2"/><line number="453" hits="52"/><line number="454" hits="31"/><line number="455" hits="62"/><line number="456" hits="0"/><line number="457" hits="5"/><line number="460" hits="31"/><line number="461" hits="21"/><line number="463" hits="20"/><line number="466" hits="0"/><line number="467" hits="20"/><line number="468" hits="2"/><line number="470" hits="0"/><line number="471" hits="2"/><line number="473" hits="0"/><line number="476" hits="87"/><line number="477" hits="42"/><line number="478" hits="0"/><line number="479" hits="22"/><line number="480" hits="19"/><line number="481" hits="10"/><line number="482" hits="13"/><line number="483" hits="3"/><line number="485" hits="5"/><line number="487" hits="17"/><line number="488" hits="34"/><line number="489" hits="3"/><line number="491" hits="0"/><line number="493" hits="59"/><line number="494" hits="34"/><line number="495" hits="32"/><line number="496" hits="12"/><line number="498" hits="7"/><line number="505" hits="5"/><line number="506" hits="9"/><line number="507" hits="4"/><line number="508" hits="0"/><line number="509" hits="8"/><line number="510" hits="1"/><line number="513" hits="5"/><line number="514" hits="5"/><line number="515" hits="5"/><line number="516" hits="23"/><line number="517" hits="5"/><line number="518" hits="13"/><line number="519" hits="5"/><line number="520" hits="6"/><line number="521" hits="3"/><line number="522" hits="3"/><line number="523" hits="3"/><line number="525" hits="2"/><line number="526" hits="2"/><line number="529" hits="0"/><line number="532" hits="7"/><line number="533" hits="1"/><line number="534" hits="1"/><line number="535" hits="2"/><line number="536" hits="1"/><line number="538" hits="2"/><line number="539" hits="1"/><line number="541" hits="0"/><line number="543" hits="1"/><line number="544" hits="1"/><line number="545" hits="0"/><line number="546" hits="2"/><line number="548" hits="0"/><line number="551" hits="1"/><line number="553" hits="14"/><line number="554" hits="6"/><line number="555" hits="6"/><line number="556" hits="0"/><line number="559" hits="15"/><line number="560" hits="10"/><line number="561" hits="0"/><line number="566" hits="0"/><line number="567" hits="0"/><line number="568" hits="0"/><line number="569" hits="0"/><line number="570" hits="0"/><line number="571" hits="0"/><line number="572" hits="0"/><line number="573" hits="0"/><line number="575" hits="0"/><line number="577" hits="0"/><line number="578" hits="0"/><line number="579" hits="0"/><line number="580" hits="0"/><line number="581" hits="0"/><line number="582" hits="0"/><line number="583" hits="0"/><line number="584" hits="0"/><line number="585" hits="0"/><line number="587" hits="0"/><line number="590" hits="0"/><line number="593" hits="1"/><line number="594" hits="1"/><line number="595" hits="3"/><line number="596" hits="0"/><line number="597" hits="0"/><line number="598" hits="0"/><line number="600" hits="0"/><line number="602" hits="2"/><line number="603" hits="2"/><line number="604" hits="4"/><line number="605" hits="1"/><line number="606" hits="0"/><line number="607" hits="1"/><line number="608" hits="1"/><line number="610" hits="0"/><line number="613" hits="2"/><line number="617" hits="4"/><line number="618" hits="4"/><line number="619" hits="8"/><line number="620" hits="13"/><line number="621" hits="4"/><line number="622" hits="1"/><line number="623" hits="0"/><line number="624" hits="3"/><line number="625" hits="3"/><line number="627" hits="0"/><line number="630" hits="4"/><line number="635" hits="3"/><line number="636" hits="3"/><line number="637" hits="5"/><line number="638" hits="8"/><line number="639" hits="3"/><line number="640" hits="0"/><line number="641" hits="0"/><line number="642" hits="2"/><line number="643" hits="2"/><line number="645" hits="0"/><line number="648" hits="2"/><line number="653" hits="2"/><line number="654" hits="4"/><line number="655" hits="0"/><line number="656" hits="6"/><line number="657" hits="0"/><line number="658" hits="6"/><line number="659" hits="0"/><line number="660" hits="4"/><line number="661" hits="0"/><line number="663" hits="2"/><line number="667" hits="2"/><line number="668" hits="2"/><line number="669" hits="4"/><line number="670" hits="7"/><line number="671" hits="2"/><line number="672" hits="2"/><line number="673" hits="2"/><line number="675" hits="0"/><line number="676" hits="1"/><line number="677" hits="1"/><line number="679" hits="0"/><line number="680" hits="0"/><line number="681" hits="0"/><line number="682" hits="0"/><line number="684" hits="0"/><line number="687" hits="2"/><line number="688" hits="2"/><line number="694" hits="0"/><line number="695" hits="0"/><line number="696" hits="0"/><line number="697" hits="0"/><line number="698" hits="0"/><line number="699" hits="0"/><line number="700" hits="0"/><line number="702" hits="0"/><line number="703" hits="0"/><line number="704" hits="0"/><line number="706" hits="0"/><line number="707" hits="0"/><line number="708" hits="0"/><line number="710" hits="0"/><line number="713" hits="0"/><line number="718" hits="2"/><line number="719" hits="4"/><line number="720" hits="2"/><line number="721" hits="2"/><line number="722" hits="0"/><line number="724" hits="4"/><line number="725" hits="6"/><line number="726" hits="2"/><line number="727" hits="2"/><line number="731" hits="0"/><line number="735" hits="0"/><line number="736" hits="0"/><line number="737" hits="0"/><line number="738" hits="0"/><line number="739" hits="0"/><line number="740" hits="0"/><line number="744" hits="1"/><line number="745" hits="4"/><line number="746" hits="1"/><line number="747" hits="0"/><line number="748" hits="0"/><line number="749" hits="0"/><line number="750" hits="1"/><line number="751" hits="0"/><line number="752" hits="0"/><line number="753" hits="0"/><line number="754" hits="0"/><line number="755" hits="0"/><line number="756" hits="0"/><line number="757" hits="0"/><line number="758" hits="0"/><line number="759" hits="0"/><line number="760" hits="0"/><line number="761" hits="0"/><line number="764" hits="0"/><line number="766" hits="1"/><line number="773" hits="28"/><line number="774" hits="34"/><line number="775" hits="4"/><line number="777" hits="56"/><line number="778" hits="28"/><line number="779" hits="28"/><line number="784" hits="2"/><line number="785" hits="2"/><line number="790" hits="32"/><line number="791" hits="68"/><line number="792" hits="4"/><line number="793" hits="92"/><line number="794" hits="28"/><line number="795" hits="28"/><line number="797" hits="28"/><line number="803" hits="5"/><line number="804" hits="5"/><line number="805" hits="2"/><line number="807" hits="10"/><line number="808" hits="10"/><line number="809" hits="4"/><line number="810" hits="4"/><line number="812" hits="5"/><line number="818" hits="28"/><line number="819" hits="28"/><line number="820" hits="4"/><line number="822" hits="84"/><line number="823" hits="28"/><line number="824" hits="28"/><line number="826" hits="28"/><line number="832" hits="29"/><line number="833" hits="33"/><line number="834" hits="4"/><line number="836" hits="58"/><line number="842" hits="32"/><line number="843" hits="32"/><line number="844" hits="60"/><line number="845" hits="120"/><line number="846" hits="28"/><line number="847" hits="28"/><line number="848" hits="56"/><line number="849" hits="28"/><line number="850" hits="46"/><line number="851" hits="15"/><line number="854" hits="28"/><line number="859" hits="1"/><line number="860" hits="1"/><line number="861" hits="1"/><line number="862" hits="2"/><line number="863" hits="2"/><line number="868" hits="28"/><line number="869" hits="28"/><line number="870" hits="28"/><line number="875" hits="17"/><line number="876" hits="34"/><line number="879" hits="2"/><line number="880" hits="4"/><line number="883" hits="2"/><line number="884" hits="4"/><line number="887" hits="5"/><line number="889" hits="10"/><line number="890" hits="5"/><line number="894" hits="14"/><line number="895" hits="28"/><line number="898" hits="5"/><line number="899" hits="5"/><line number="902" hits="3"/><line number="903" hits="3"/><line number="906" hits="4"/><line number="907" hits="8"/><line number="910" hits="10"/><line number="911" hits="20"/><line number="914" hits="3"/><line number="915" hits="6"/><line number="918" hits="2"/><line number="919" hits="4"/><line number="922" hits="3"/><line number="923" hits="6"/><line number="926" hits="0"/><line number="927" hits="0"/><line number="930" hits="2"/><line number="931" hits="4"/><line number="934" hits="15"/><line number="935" hits="30"/><line number="938" hits="28"/><line number="939" hits="56"/><line number="942" hits="6"/><line number="943" hits="4"/><line number="948" hits="3"/><line number="957" hits="1"/><line number="958" hits="2"/><line number="959" hits="9"/><line number="960" hits="4"/><line number="961" hits="4"/><line number="962" hits="4"/><line number="963" hits="8"/><line number="964" hits="0"/><line number="966" hits="8"/><line number="967" hits="4"/><line number="968" hits="0"/><line number="975" hits="0"/><line number="976" hits="0"/><line number="977" hits="0"/><line number="978" hits="0"/><line number="980" hits="0"/><line number="981" hits="0"/><line number="982" hits="0"/><line number="984" hits="0"/><line number="1030" hits="3"/><line number="1031" hits="1"/><line number="1032" hits="2"/><line number="1033" hits="1"/><line number="1037" hits="3"/><line number="1038" hits="1"/><line number="1039" hits="2"/><line number="1040" hits="1"/><line number="1044" hits="3"/><line number="1045" hits="1"/><line number="1046" hits="1"/><line number="1047" hits="1"/><line number="1048" hits="1"/><line number="1049" hits="1"/><line number="1050" hits="1"/><line number="1051" hits="1"/><line number="1052" hits="1"/><line number="1054" hits="1"/><line number="1058" hits="3"/><line number="1059" hits="1"/><line number="1060" hits="2"/><line number="1061" hits="1"/><line number="1065" hits="3"/><line number="1066" hits="1"/><line number="1067" hits="2"/><line number="1068" hits="1"/><line number="1072" hits="3"/><line number="1073" hits="1"/><line number="1074" hits="2"/><line number="1075" hits="1"/><line number="1079" hits="3"/><line number="1080" hits="1"/><line number="1081" hits="1"/><line number="1082" hits="1"/><line number="1083" hits="1"/><line number="1084" hits="1"/><line number="1085" hits="1"/><line number="1087" hits="1"/><line number="1091" hits="3"/><line number="1092" hits="1"/><line number="1093" hits="1"/><line number="1094" hits="1"/><line number="1095" hits="1"/><line number="1096" hits="1"/><line number="1097" hits="1"/><line number="1099" hits="1"/><line number="1103" hits="3"/><line number="1104" hits="1"/><line number="1105" hits="1"/><line number="1106" hits="1"/><line number="1107" hits="1"/><line number="1108" hits="1"/><line number="1109" hits="1"/><line number="1111" hits="1"/><line number="1115" hits="3"/><line number="1116" hits="1"/><line number="1117" hits="1"/><line number="1118" hits="1"/><line number="1119" hits="1"/><line number="1120" hits="1"/><line number="1121" hits="1"/><line number="1123" hits="1"/><line number="1127" hits="3"/><line number="1128" hits="1"/><line number="1129" hits="1"/><line number="1130" hits="1"/><line number="1131" hits="1"/><line number="1132" hits="1"/><line number="1133" hits="1"/><line number="1135" hits="1"/><line number="1139" hits="3"/><line number="1140" hits="1"/><line number="1141" hits="1"/><line number="1142" hits="1"/><line number="1143" hits="1"/><line number="1144" hits="1"/><line number="1145" hits="1"/><line number="1147" hits="1"/><line number="1151" hits="3"/><line number="1152" hits="1"/><line number="1153" hits="1"/><line number="1154" hits="1"/><line number="1155" hits="1"/><line number="1156" hits="1"/><line number="1157" hits="1"/><line number="1158" hits="1"/><line number="1159" hits="1"/><line number="1160" hits="1"/><line number="1161" hits="1"/><line number="1162" hits="1"/><line number="1163" hits="1"/><line number="1164" hits="1"/><line number="1165" hits="1"/><line number="1166" hits="1"/><line number="1168" hits="1"/><line number="1172" hits="3"/><line number="1173" hits="1"/><line number="1179" hits="1"/><line number="1180" hits="1"/><line number="1181" hits="1"/><line number="1182" hits="1"/><line number="1183" hits="1"/><line number="1184" hits="1"/><line number="1185" hits="1"/><line number="1186" hits="1"/><line number="1187" hits="1"/><line number="1188" hits="1"/><line number="1189" hits="1"/><line number="1190" hits="1"/><line number="1191" hits="1"/><line number="1192" hits="1"/><line number="1193" hits="1"/><line number="1194" hits="1"/><line number="1195" hits="1"/><line number="1196" hits="1"/><line number="1197" hits="1"/><line number="1199" hits="1"/></lines></class><class name="node" filename="src/parse/node.rs" line-rate="0.7669902912621359" branch-rate="0" complexity="0"><methods/><lines><line number="112" hits="0"/><line number="114" hits="0"/><line number="115" hits="0"/><line number="128" hits="0"/><line number="131" hits="0"/><line number="172" hits="5"/><line number="173" hits="5"/><line number="176" hits="5"/><line number="177" hits="5"/><line number="180" hits="4"/><line number="181" hits="4"/><line number="184" hits="4"/><line number="185" hits="3"/><line number="188" hits="4"/><line number="189" hits="4"/><line number="192" hits="4"/><line number="193" hits="11"/><line number="194" hits="8"/><line number="195" hits="3"/><line number="197" hits="4"/><line number="200" hits="2"/><line number="202" hits="5"/><line number="203" hits="5"/><line number="204" hits="2"/><line number="205" hits="4"/><line number="207" hits="4"/><line number="211" hits="1"/><line number="212" hits="1"/><line number="215" hits="2"/><line number="216" hits="2"/><line number="219" hits="7"/><line number="220" hits="7"/><line number="223" hits="3"/><line number="224" hits="3"/><line number="227" hits="8"/><line number="228" hits="13"/><line number="229" hits="5"/><line number="231" hits="8"/><line number="232" hits="5"/><line number="234" hits="8"/><line number="237" hits="4"/><line number="238" hits="4"/><line number="241" hits="5"/><line number="242" hits="16"/><line number="243" hits="12"/><line number="244" hits="6"/><line number="247" hits="1"/><line number="248" hits="2"/><line number="249" hits="2"/><line number="250" hits="1"/><line number="253" hits="4"/><line number="255" hits="4"/><line number="258" hits="4"/><line number="261" hits="3"/><line number="262" hits="6"/><line number="263" hits="6"/><line number="266" hits="10"/><line number="267" hits="10"/><line number="270" hits="9"/><line number="271" hits="8"/><line number="274" hits="2"/><line number="275" hits="4"/><line number="278" hits="1"/><line number="279" hits="1"/><line number="282" hits="1"/><line number="283" hits="1"/><line number="286" hits="1"/><line number="287" hits="2"/><line number="290" hits="2"/><line number="291" hits="2"/><line number="294" hits="11"/><line number="295" hits="12"/><line number="298" hits="2"/><line number="299" hits="2"/><line number="302" hits="1"/><line number="303" hits="1"/><line number="306" hits="2"/><line number="307" hits="2"/><line number="310" hits="3"/><line number="311" hits="3"/><line number="314" hits="1"/><line number="315" hits="4"/><line number="318" hits="9"/><line number="319" hits="27"/><line number="320" hits="9"/><line number="323" hits="4"/><line number="329" hits="9"/><line number="330" hits="9"/><line number="333" hits="1"/><line number="340" hits="2"/><line number="342" hits="2"/><line number="343" hits="1"/><line number="347" hits="4"/><line number="356" hits="9"/><line number="357" hits="4"/><line number="358" hits="8"/><line number="359" hits="4"/><line number="360" hits="4"/><line number="361" hits="4"/><line number="363" hits="5"/><line number="367" hits="7"/><line number="374" hits="27"/><line number="375" hits="16"/><line number="376" hits="4"/><line number="378" hits="8"/><line number="380" hits="8"/><line number="381" hits="8"/><line number="382" hits="8"/><line number="383" hits="8"/><line number="384" hits="8"/><line number="386" hits="8"/><line number="390" hits="1"/><line number="392" hits="1"/><line number="393" hits="1"/><line number="397" hits="1"/><line number="398" hits="1"/><line number="399" hits="1"/><line number="400" hits="1"/><line number="401" hits="1"/><line number="403" hits="1"/><line number="407" hits="5"/><line number="408" hits="15"/><line number="410" hits="7"/><line number="411" hits="10"/><line number="412" hits="12"/><line number="413" hits="7"/><line number="415" hits="7"/><line number="419" hits="1"/><line number="420" hits="3"/><line number="422" hits="1"/><line number="423" hits="2"/><line number="424" hits="1"/><line number="426" hits="1"/><line number="430" hits="0"/><line number="431" hits="0"/><line number="433" hits="0"/><line number="434" hits="0"/><line number="435" hits="0"/><line number="436" hits="0"/><line number="438" hits="0"/><line number="442" hits="4"/><line number="450" hits="9"/><line number="451" hits="9"/><line number="452" hits="4"/><line number="453" hits="9"/><line number="454" hits="5"/><line number="456" hits="5"/><line number="460" hits="1"/><line number="461" hits="2"/><line number="464" hits="1"/><line number="465" hits="2"/><line number="468" hits="4"/><line number="469" hits="8"/><line number="472" hits="1"/><line number="473" hits="2"/><line number="474" hits="1"/><line number="477" hits="3"/><line number="478" hits="9"/><line number="480" hits="3"/><line number="481" hits="3"/><line number="482" hits="3"/><line number="483" hits="4"/><line number="485" hits="4"/><line number="489" hits="12"/><line number="490" hits="5"/><line number="491" hits="23"/><line number="492" hits="5"/><line number="496" hits="0"/><line number="497" hits="0"/><line number="498" hits="0"/><line number="499" hits="0"/><line number="503" hits="7"/><line number="504" hits="14"/><line number="505" hits="21"/><line number="506" hits="0"/><line number="512" hits="0"/><line number="513" hits="0"/><line number="514" hits="0"/><line number="515" hits="0"/><line number="516" hits="0"/><line number="517" hits="0"/><line number="518" hits="0"/><line number="519" hits="0"/><line number="520" hits="0"/><line number="521" hits="0"/><line number="522" hits="0"/><line number="523" hits="0"/><line number="524" hits="0"/><line number="525" hits="0"/><line number="527" hits="0"/><line number="528" hits="0"/><line number="530" hits="0"/><line number="531" hits="0"/><line number="532" hits="0"/><line number="533" hits="0"/><line number="535" hits="0"/><line number="536" hits="0"/><line number="538" hits="0"/><line number="539" hits="0"/><line number="540" hits="0"/><line number="541" hits="0"/><line number="543" hits="0"/><line number="544" hits="0"/><line number="546" hits="0"/><line number="547" hits="0"/><line number="549" hits="0"/></lines></class><class name="parser" filename="src/parse/parser.rs" line-rate="0.7617529880478088" branch-rate="0" complexity="0"><methods/><lines><line number="24" hits="9"/><line number="39" hits="0"/><line number="40" hits="0"/><line number="45" hits="0"/><line number="46" hits="0"/><line number="51" hits="11"/><line number="52" hits="12"/><line number="55" hits="13"/><line number="56" hits="13"/><line number="59" hits="10"/><line number="60" hits="10"/><line number="63" hits="0"/><line number="64" hits="0"/><line number="76" hits="32"/><line number="79" hits="32"/><line number="84" hits="11"/><line number="85" hits="11"/><line number="86" hits="11"/><line number="87" hits="0"/><line number="88" hits="11"/><line number="89" hits="11"/><line number="90" hits="11"/><line number="91" hits="11"/><line number="96" hits="9"/><line number="97" hits="10"/><line number="98" hits="9"/><line number="99" hits="0"/><line number="101" hits="19"/><line number="102" hits="10"/><line number="105" hits="2"/><line number="106" hits="2"/><line number="107" hits="2"/><line number="108" hits="2"/><line number="111" hits="0"/><line number="112" hits="0"/><line number="115" hits="0"/><line number="116" hits="0"/><line number="117" hits="0"/><line number="118" hits="0"/><line number="121" hits="0"/><line number="124" hits="9"/><line number="125" hits="21"/><line number="128" hits="5"/><line number="129" hits="6"/><line number="132" hits="0"/><line number="133" hits="0"/><line number="136" hits="0"/><line number="137" hits="0"/><line number="140" hits="11"/><line number="141" hits="11"/><line number="152" hits="10"/><line number="154" hits="10"/><line number="158" hits="32"/><line number="160" hits="64"/><line number="164" hits="4"/><line number="166" hits="4"/><line number="187" hits="32"/><line number="188" hits="32"/><line number="191" hits="32"/><line number="192" hits="32"/><line number="193" hits="32"/><line number="197" hits="32"/><line number="198" hits="32"/><line number="201" hits="2"/><line number="202" hits="2"/><line number="205" hits="32"/><line number="206" hits="32"/><line number="209" hits="0"/><line number="210" hits="0"/><line number="217" hits="15"/><line number="218" hits="15"/><line number="223" hits="11"/><line number="224" hits="22"/><line number="225" hits="11"/><line number="231" hits="9"/><line number="232" hits="10"/><line number="233" hits="9"/><line number="234" hits="0"/><line number="236" hits="10"/><line number="241" hits="2"/><line number="242" hits="2"/><line number="243" hits="2"/><line number="244" hits="0"/><line number="246" hits="2"/><line number="251" hits="6"/><line number="252" hits="6"/><line number="253" hits="14"/><line number="254" hits="11"/><line number="255" hits="11"/><line number="256" hits="9"/><line number="258" hits="22"/><line number="259" hits="11"/><line number="262" hits="0"/><line number="265" hits="24"/><line number="266" hits="24"/><line number="270" hits="32"/><line number="271" hits="32"/><line number="275" hits="22"/><line number="276" hits="22"/><line number="280" hits="14"/><line number="281" hits="40"/><line number="284" hits="21"/><line number="285" hits="48"/><line number="288" hits="10"/><line number="289" hits="10"/><line number="294" hits="32"/><line number="295" hits="28"/><line number="296" hits="96"/><line number="297" hits="64"/><line number="298" hits="0"/><line number="300" hits="64"/><line number="301" hits="28"/><line number="302" hits="32"/><line number="308" hits="14"/><line number="309" hits="22"/><line number="310" hits="8"/><line number="311" hits="14"/><line number="316" hits="32"/><line number="317" hits="138"/><line number="318" hits="71"/><line number="319" hits="34"/><line number="326" hits="8"/><line number="327" hits="32"/><line number="328" hits="7"/><line number="337" hits="32"/><line number="338" hits="120"/><line number="339" hits="64"/><line number="340" hits="12"/><line number="347" hits="0"/><line number="348" hits="0"/><line number="349" hits="0"/><line number="350" hits="0"/><line number="357" hits="5"/><line number="358" hits="18"/><line number="359" hits="3"/><line number="368" hits="17"/><line number="369" hits="22"/><line number="370" hits="10"/><line number="372" hits="29"/><line number="373" hits="8"/><line number="374" hits="7"/><line number="377" hits="12"/><line number="382" hits="4"/><line number="383" hits="16"/><line number="384" hits="12"/><line number="385" hits="0"/><line number="391" hits="8"/><line number="392" hits="44"/><line number="393" hits="28"/><line number="394" hits="0"/><line number="401" hits="9"/><line number="402" hits="18"/><line number="403" hits="18"/><line number="404" hits="0"/><line number="405" hits="0"/><line number="408" hits="18"/><line number="414" hits="1"/><line number="415" hits="3"/><line number="416" hits="4"/><line number="417" hits="0"/><line number="418" hits="0"/><line number="421" hits="4"/><line number="424" hits="2"/><line number="425" hits="8"/><line number="426" hits="4"/><line number="427" hits="1"/><line number="428" hits="1"/><line number="429" hits="1"/><line number="430" hits="1"/><line number="431" hits="1"/><line number="437" hits="0"/><line number="439" hits="0"/><line number="440" hits="0"/><line number="442" hits="0"/><line number="446" hits="0"/><line number="447" hits="0"/><line number="452" hits="32"/><line number="457" hits="47"/><line number="459" hits="16"/><line number="460" hits="25"/><line number="461" hits="7"/><line number="462" hits="7"/><line number="464" hits="0"/><line number="468" hits="0"/><line number="474" hits="0"/><line number="475" hits="0"/><line number="476" hits="0"/><line number="477" hits="0"/><line number="478" hits="0"/><line number="482" hits="0"/><line number="483" hits="0"/><line number="484" hits="0"/><line number="485" hits="0"/><line number="487" hits="0"/><line number="488" hits="0"/><line number="489" hits="0"/><line number="493" hits="32"/><line number="499" hits="32"/><line number="500" hits="64"/><line number="501" hits="32"/><line number="502" hits="15"/><line number="503" hits="8"/><line number="506" hits="1"/><line number="512" hits="1"/><line number="513" hits="2"/><line number="514" hits="1"/><line number="515" hits="2"/><line number="516" hits="2"/><line number="517" hits="2"/><line number="519" hits="1"/><line number="520" hits="3"/><line number="521" hits="1"/><line number="522" hits="1"/><line number="524" hits="0"/><line number="528" hits="32"/><line number="530" hits="53"/><line number="531" hits="21"/><line number="532" hits="27"/><line number="534" hits="5"/><line number="535" hits="50"/><line number="536" hits="5"/><line number="539" hits="24"/><line number="541" hits="11"/><line number="542" hits="6"/><line number="543" hits="0"/><line number="546" hits="5"/><line number="549" hits="18"/><line number="550" hits="42"/><line number="551" hits="15"/><line number="552" hits="16"/><line number="554" hits="4"/><line number="555" hits="4"/><line number="556" hits="4"/><line number="557" hits="28"/><line number="559" hits="1"/><line number="560" hits="1"/><line number="561" hits="1"/><line number="562" hits="18"/><line number="564" hits="1"/><line number="565" hits="1"/><line number="566" hits="2"/><line number="567" hits="1"/><line number="568" hits="18"/><line number="570" hits="1"/><line number="571" hits="1"/><line number="572" hits="2"/><line number="573" hits="1"/><line number="575" hits="0"/><line number="579" hits="11"/><line number="582" hits="32"/><line number="606" hits="42"/><line number="607" hits="23"/><line number="611" hits="1"/><line number="613" hits="22"/><line number="616" hits="0"/><line number="617" hits="17"/><line number="620" hits="0"/><line number="621" hits="11"/><line number="622" hits="3"/><line number="623" hits="3"/><line number="624" hits="3"/><line number="625" hits="7"/><line number="626" hits="0"/><line number="628" hits="3"/><line number="629" hits="0"/><line number="631" hits="19"/><line number="632" hits="2"/><line number="634" hits="9"/><line number="636" hits="4"/><line number="637" hits="4"/><line number="640" hits="11"/><line number="644" hits="1"/><line number="646" hits="2"/><line number="647" hits="2"/><line number="648" hits="3"/><line number="649" hits="0"/><line number="651" hits="2"/><line number="652" hits="1"/><line number="653" hits="1"/><line number="654" hits="1"/><line number="658" hits="2"/><line number="659" hits="0"/><line number="660" hits="0"/><line number="663" hits="2"/><line number="664" hits="3"/><line number="665" hits="2"/><line number="667" hits="2"/><line number="670" hits="17"/><line number="674" hits="47"/><line number="675" hits="21"/><line number="676" hits="13"/><line number="678" hits="17"/><line number="679" hits="9"/><line number="680" hits="24"/><line number="681" hits="3"/><line number="683" hits="39"/><line number="685" hits="2"/><line number="686" hits="2"/><line number="687" hits="4"/><line number="689" hits="34"/><line number="690" hits="18"/><line number="692" hits="15"/><line number="693" hits="0"/><line number="696" hits="20"/><line number="697" hits="8"/><line number="699" hits="20"/><line number="702" hits="3"/><line number="705" hits="7"/><line number="706" hits="5"/><line number="707" hits="4"/><line number="708" hits="4"/><line number="709" hits="4"/><line number="710" hits="0"/><line number="711" hits="5"/><line number="715" hits="3"/><line number="716" hits="6"/><line number="717" hits="8"/><line number="718" hits="2"/><line number="721" hits="3"/><line number="722" hits="0"/><line number="723" hits="0"/><line number="724" hits="0"/><line number="727" hits="3"/><line number="728" hits="3"/><line number="729" hits="3"/><line number="730" hits="6"/><line number="731" hits="3"/><line number="732" hits="4"/><line number="733" hits="4"/><line number="734" hits="4"/><line number="735" hits="4"/><line number="737" hits="8"/><line number="738" hits="4"/><line number="739" hits="0"/><line number="740" hits="0"/><line number="742" hits="0"/><line number="744" hits="4"/><line number="747" hits="3"/><line number="748" hits="6"/><line number="749" hits="6"/><line number="750" hits="3"/><line number="751" hits="0"/><line number="752" hits="0"/><line number="753" hits="0"/><line number="754" hits="0"/><line number="755" hits="0"/><line number="756" hits="0"/><line number="758" hits="4"/><line number="759" hits="2"/><line number="760" hits="0"/><line number="761" hits="0"/><line number="762" hits="0"/><line number="763" hits="0"/><line number="764" hits="0"/><line number="765" hits="0"/><line number="769" hits="0"/><line number="777" hits="32"/><line number="778" hits="40"/><line number="779" hits="7"/><line number="782" hits="32"/><line number="783" hits="50"/><line number="784" hits="35"/><line number="785" hits="8"/><line number="787" hits="42"/><line number="788" hits="13"/><line number="789" hits="21"/><line number="790" hits="9"/><line number="791" hits="41"/><line number="792" hits="0"/><line number="793" hits="2"/><line number="794" hits="0"/><line number="795" hits="0"/><line number="796" hits="0"/><line number="797" hits="0"/><line number="798" hits="0"/><line number="801" hits="0"/><line number="802" hits="0"/><line number="803" hits="0"/><line number="805" hits="0"/><line number="807" hits="0"/><line number="808" hits="4"/><line number="809" hits="4"/><line number="810" hits="4"/><line number="811" hits="4"/><line number="812" hits="2"/><line number="813" hits="4"/><line number="818" hits="6"/><line number="822" hits="12"/><line number="823" hits="34"/><line number="824" hits="11"/><line number="825" hits="3"/><line number="826" hits="2"/><line number="827" hits="0"/><line number="828" hits="8"/><line number="829" hits="0"/><line number="830" hits="0"/><line number="834" hits="9"/><line number="837" hits="32"/><line number="838" hits="50"/><line number="839" hits="27"/><line number="840" hits="18"/><line number="841" hits="1"/><line number="842" hits="2"/><line number="843" hits="0"/><line number="844" hits="0"/><line number="846" hits="2"/><line number="847" hits="1"/><line number="848" hits="1"/><line number="850" hits="18"/><line number="854" hits="32"/><line number="855" hits="50"/><line number="856" hits="35"/><line number="857" hits="8"/><line number="859" hits="39"/><line number="860" hits="2"/><line number="861" hits="5"/><line number="862" hits="3"/><line number="863" hits="47"/><line number="864" hits="2"/><line number="865" hits="4"/><line number="866" hits="2"/><line number="868" hits="9"/><line number="872" hits="32"/><line number="873" hits="50"/><line number="874" hits="28"/><line number="875" hits="1"/><line number="876" hits="2"/><line number="878" hits="9"/><line number="881" hits="32"/><line number="882" hits="53"/><line number="883" hits="30"/><line number="884" hits="1"/><line number="885" hits="2"/><line number="887" hits="9"/><line number="891" hits="32"/><line number="892" hits="52"/><line number="894" hits="38"/><line number="895" hits="4"/><line number="896" hits="8"/><line number="897" hits="58"/><line number="898" hits="4"/><line number="899" hits="8"/><line number="900" hits="42"/><line number="901" hits="2"/><line number="902" hits="4"/><line number="903" hits="50"/><line number="904" hits="0"/><line number="905" hits="0"/><line number="907" hits="8"/><line number="911" hits="32"/><line number="912" hits="51"/><line number="913" hits="32"/><line number="914" hits="8"/><line number="916" hits="9"/><line number="917" hits="24"/><line number="918" hits="1"/><line number="919" hits="2"/><line number="920" hits="31"/><line number="921" hits="1"/><line number="922" hits="2"/><line number="923" hits="31"/><line number="924" hits="2"/><line number="925" hits="4"/><line number="926" hits="29"/><line number="927" hits="2"/><line number="928" hits="4"/><line number="929" hits="27"/><line number="930" hits="1"/><line number="931" hits="2"/><line number="933" hits="0"/><line number="936" hits="5"/><line number="939" hits="32"/><line number="940" hits="51"/><line number="941" hits="6"/><line number="942" hits="21"/><line number="943" hits="1"/><line number="944" hits="24"/><line number="945" hits="1"/><line number="947" hits="0"/><line number="950" hits="5"/><line number="953" hits="32"/><line number="954" hits="49"/><line number="955" hits="12"/><line number="956" hits="18"/><line number="957" hits="1"/><line number="959" hits="0"/><line number="962" hits="11"/><line number="965" hits="32"/><line number="966" hits="49"/><line number="967" hits="17"/><line number="968" hits="20"/><line number="969" hits="2"/><line number="970" hits="32"/><line number="971" hits="1"/><line number="973" hits="0"/><line number="976" hits="10"/><line number="979" hits="32"/><line number="980" hits="46"/><line number="981" hits="19"/><line number="982" hits="20"/><line number="983" hits="4"/><line number="984" hits="8"/><line number="985" hits="35"/><line number="986" hits="4"/><line number="987" hits="8"/><line number="989" hits="0"/><line number="992" hits="15"/><line number="995" hits="32"/><line number="996" hits="46"/><line number="997" hits="35"/><line number="998" hits="8"/><line number="1000" hits="16"/><line number="1001" hits="19"/><line number="1002" hits="3"/><line number="1003" hits="6"/><line number="1004" hits="31"/><line number="1005" hits="1"/><line number="1006" hits="2"/><line number="1007" hits="28"/><line number="1008" hits="2"/><line number="1009" hits="4"/><line number="1011" hits="0"/><line number="1014" hits="13"/><line number="1017" hits="32"/><line number="1018" hits="32"/><line number="1019" hits="45"/><line number="1020" hits="2"/><line number="1021" hits="4"/><line number="1022" hits="2"/><line number="1023" hits="2"/><line number="1024" hits="8"/><line number="1025" hits="2"/><line number="1027" hits="0"/><line number="1029" hits="0"/><line number="1030" hits="0"/><line number="1031" hits="0"/><line number="1032" hits="0"/><line number="1034" hits="30"/><line number="1035" hits="32"/><line number="1036" hits="14"/><line number="1040" hits="32"/><line number="1041" hits="45"/><line number="1042" hits="40"/><line number="1043" hits="0"/><line number="1044" hits="0"/><line number="1046" hits="14"/><line number="1050" hits="32"/><line number="1052" hits="77"/><line number="1053" hits="1"/><line number="1054" hits="1"/><line number="1055" hits="1"/><line number="1056" hits="1"/><line number="1057" hits="78"/><line number="1058" hits="1"/><line number="1059" hits="1"/><line number="1060" hits="1"/><line number="1061" hits="1"/><line number="1063" hits="44"/><line number="1064" hits="12"/><line number="1068" hits="7"/><line number="1069" hits="14"/><line number="1070" hits="24"/><line number="1072" hits="7"/><line number="1073" hits="14"/><line number="1074" hits="7"/><line number="1075" hits="0"/><line number="1076" hits="0"/><line number="1078" hits="0"/><line number="1080" hits="7"/><line number="1082" hits="15"/><line number="1083" hits="14"/><line number="1084" hits="14"/><line number="1085" hits="7"/><line number="1086" hits="0"/><line number="1087" hits="7"/><line number="1089" hits="12"/><line number="1091" hits="4"/><line number="1092" hits="4"/><line number="1093" hits="2"/><line number="1094" hits="4"/><line number="1095" hits="2"/><line number="1096" hits="0"/><line number="1097" hits="2"/><line number="1100" hits="0"/><line number="1104" hits="32"/><line number="1105" hits="52"/><line number="1106" hits="1"/><line number="1107" hits="1"/><line number="1109" hits="4"/><line number="1110" hits="1"/><line number="1111" hits="1"/><line number="1112" hits="1"/><line number="1114" hits="1"/><line number="1116" hits="3"/><line number="1117" hits="1"/><line number="1118" hits="2"/><line number="1119" hits="1"/><line number="1121" hits="0"/><line number="1123" hits="1"/><line number="1126" hits="43"/><line number="1127" hits="22"/><line number="1131" hits="6"/><line number="1133" hits="33"/><line number="1138" hits="5"/><line number="1139" hits="13"/><line number="1140" hits="10"/><line number="1141" hits="8"/><line number="1147" hits="3"/><line number="1150" hits="5"/><line number="1152" hits="5"/><line number="1154" hits="2"/><line number="1155" hits="2"/><line number="1156" hits="2"/><line number="1158" hits="0"/><line number="1159" hits="0"/><line number="1160" hits="0"/><line number="1161" hits="0"/><line number="1165" hits="6"/><line number="1166" hits="12"/><line number="1167" hits="6"/><line number="1168" hits="6"/><line number="1169" hits="15"/><line number="1170" hits="4"/><line number="1171" hits="3"/><line number="1172" hits="3"/><line number="1173" hits="4"/><line number="1174" hits="4"/><line number="1176" hits="9"/><line number="1177" hits="7"/><line number="1178" hits="3"/><line number="1179" hits="3"/><line number="1181" hits="3"/><line number="1183" hits="8"/><line number="1184" hits="3"/><line number="1186" hits="5"/><line number="1187" hits="5"/><line number="1188" hits="1"/><line number="1190" hits="4"/><line number="1192" hits="4"/><line number="1193" hits="5"/><line number="1194" hits="4"/><line number="1195" hits="4"/><line number="1196" hits="4"/><line number="1197" hits="4"/><line number="1198" hits="5"/><line number="1200" hits="28"/><line number="1201" hits="1"/><line number="1202" hits="1"/><line number="1203" hits="23"/><line number="1204" hits="11"/><line number="1205" hits="10"/><line number="1206" hits="4"/><line number="1207" hits="4"/><line number="1208" hits="8"/><line number="1209" hits="4"/><line number="1210" hits="4"/><line number="1212" hits="5"/><line number="1220" hits="10"/><line number="1224" hits="23"/><line number="1225" hits="17"/><line number="1226" hits="3"/><line number="1228" hits="10"/><line number="1229" hits="20"/><line number="1230" hits="10"/><line number="1231" hits="7"/><line number="1232" hits="18"/><line number="1233" hits="3"/><line number="1235" hits="28"/><line number="1237" hits="1"/><line number="1238" hits="1"/><line number="1239" hits="2"/><line number="1240" hits="21"/><line number="1242" hits="1"/><line number="1243" hits="2"/><line number="1245" hits="19"/><line number="1246" hits="16"/><line number="1247" hits="17"/><line number="1248" hits="22"/><line number="1249" hits="1"/><line number="1251" hits="7"/><line number="1254" hits="0"/><line number="1255" hits="8"/><line number="1259" hits="10"/><line number="1260" hits="0"/><line number="1262" hits="14"/><line number="1263" hits="6"/><line number="1266" hits="15"/><line number="1267" hits="5"/><line number="1269" hits="10"/><line number="1272" hits="7"/><line number="1273" hits="16"/><line number="1274" hits="2"/><line number="1276" hits="14"/><line number="1277" hits="4"/><line number="1279" hits="7"/><line number="1283" hits="4"/><line number="1284" hits="4"/><line number="1286" hits="8"/><line number="1287" hits="4"/><line number="1288" hits="1"/><line number="1290" hits="7"/><line number="1291" hits="8"/><line number="1292" hits="4"/><line number="1295" hits="4"/><line number="1296" hits="2"/><line number="1299" hits="3"/><line number="1300" hits="8"/><line number="1301" hits="2"/><line number="1303" hits="6"/><line number="1305" hits="3"/><line number="1306" hits="6"/><line number="1307" hits="3"/><line number="1308" hits="6"/><line number="1311" hits="32"/><line number="1312" hits="64"/><line number="1313" hits="64"/><line number="1314" hits="101"/><line number="1315" hits="49"/><line number="1316" hits="17"/><line number="1317" hits="10"/><line number="1318" hits="18"/><line number="1319" hits="7"/><line number="1320" hits="7"/><line number="1323" hits="16"/><line number="1324" hits="9"/><line number="1327" hits="22"/><line number="1328" hits="23"/><line number="1330" hits="12"/><line number="1331" hits="0"/><line number="1333" hits="17"/><line number="1334" hits="0"/><line number="1335" hits="4"/><line number="1336" hits="0"/><line number="1338" hits="14"/><line number="1339" hits="8"/><line number="1341" hits="3"/><line number="1345" hits="1"/><line number="1346" hits="1"/><line number="1347" hits="1"/><line number="1349" hits="2"/><line number="1350" hits="2"/><line number="1351" hits="2"/><line number="1353" hits="3"/><line number="1354" hits="3"/><line number="1355" hits="3"/><line number="1356" hits="0"/><line number="1357" hits="0"/><line number="1358" hits="0"/><line number="1362" hits="3"/><line number="1364" hits="5"/><line number="1365" hits="3"/><line number="1366" hits="4"/><line number="1367" hits="3"/><line number="1368" hits="25"/><line number="1369" hits="9"/><line number="1370" hits="6"/><line number="1371" hits="1"/><line number="1374" hits="0"/><line number="1375" hits="3"/><line number="1376" hits="6"/><line number="1377" hits="3"/><line number="1379" hits="0"/><line number="1381" hits="4"/><line number="1382" hits="10"/><line number="1383" hits="5"/><line number="1384" hits="5"/><line number="1386" hits="1"/><line number="1387" hits="0"/><line number="1389" hits="2"/><line number="1390" hits="4"/><line number="1391" hits="4"/><line number="1392" hits="2"/><line number="1393" hits="2"/><line number="1394" hits="2"/><line number="1395" hits="2"/><line number="1397" hits="0"/><line number="1398" hits="0"/><line number="1399" hits="0"/><line number="1400" hits="0"/><line number="1401" hits="0"/><line number="1402" hits="0"/><line number="1403" hits="0"/><line number="1404" hits="0"/><line number="1405" hits="0"/><line number="1406" hits="0"/><line number="1409" hits="0"/><line number="1410" hits="0"/><line number="1414" hits="2"/><line number="1416" hits="0"/><line number="1418" hits="1"/><line number="1419" hits="1"/><line number="1420" hits="4"/><line number="1421" hits="2"/><line number="1422" hits="2"/><line number="1423" hits="1"/><line number="1424" hits="1"/><line number="1425" hits="1"/><line number="1426" hits="1"/><line number="1427" hits="0"/><line number="1430" hits="1"/><line number="1432" hits="5"/><line number="1433" hits="3"/><line number="1434" hits="1"/><line number="1435" hits="1"/><line number="1437" hits="2"/><line number="1438" hits="2"/><line number="1439" hits="2"/><line number="1440" hits="1"/><line number="1441" hits="1"/><line number="1443" hits="0"/><line number="1444" hits="1"/><line number="1445" hits="1"/><line number="1447" hits="0"/><line number="1448" hits="2"/><line number="1449" hits="2"/><line number="1451" hits="0"/><line number="1452" hits="2"/><line number="1453" hits="2"/><line number="1455" hits="0"/><line number="1456" hits="0"/><line number="1457" hits="0"/><line number="1461" hits="14"/><line number="1462" hits="7"/><line number="1463" hits="8"/><line number="1464" hits="4"/><line number="1466" hits="0"/><line number="1467" hits="2"/><line number="1468" hits="2"/><line number="1469" hits="2"/><line number="1471" hits="0"/><line number="1472" hits="4"/><line number="1473" hits="2"/><line number="1474" hits="2"/><line number="1475" hits="2"/><line number="1476" hits="2"/><line number="1477" hits="2"/><line number="1478" hits="4"/><line number="1479" hits="4"/><line number="1480" hits="5"/><line number="1482" hits="3"/><line number="1483" hits="5"/><line number="1484" hits="5"/><line number="1485" hits="2"/><line number="1487" hits="7"/><line number="1489" hits="3"/><line number="1491" hits="0"/><line number="1492" hits="2"/><line number="1493" hits="1"/><line number="1494" hits="2"/><line number="1495" hits="1"/><line number="1496" hits="2"/><line number="1497" hits="1"/><line number="1498" hits="1"/><line number="1500" hits="0"/><line number="1501" hits="2"/><line number="1502" hits="1"/><line number="1503" hits="2"/><line number="1504" hits="1"/><line number="1505" hits="1"/><line number="1506" hits="2"/><line number="1507" hits="1"/><line number="1508" hits="1"/><line number="1510" hits="0"/><line number="1511" hits="0"/><line number="1512" hits="0"/><line number="1513" hits="0"/><line number="1514" hits="0"/><line number="1515" hits="0"/><line number="1516" hits="0"/><line number="1517" hits="0"/><line number="1518" hits="0"/><line number="1519" hits="0"/><line number="1521" hits="0"/><line number="1522" hits="0"/><line number="1524" hits="0"/><line number="1526" hits="0"/><line number="1527" hits="0"/><line number="1529" hits="15"/><line number="1530" hits="0"/><line number="1531" hits="8"/><line number="1532" hits="0"/><line number="1533" hits="0"/><line number="1536" hits="12"/><line number="1538" hits="0"/><line number="1539" hits="2"/><line number="1540" hits="0"/><line number="1541" hits="0"/><line number="1544" hits="3"/><line number="1546" hits="0"/><line number="1547" hits="6"/><line number="1549" hits="14"/><line number="1550" hits="3"/><line number="1551" hits="3"/><line number="1552" hits="4"/><line number="1554" hits="0"/><line number="1555" hits="0"/><line number="1557" hits="8"/><line number="1558" hits="8"/><line number="1559" hits="5"/><line number="1560" hits="1"/><line number="1561" hits="3"/><line number="1562" hits="1"/><line number="1564" hits="2"/><line number="1565" hits="1"/><line number="1566" hits="1"/><line number="1568" hits="8"/><line number="1571" hits="0"/><line number="1572" hits="2"/><line number="1574" hits="5"/><line number="1575" hits="1"/><line number="1576" hits="1"/><line number="1577" hits="1"/><line number="1579" hits="1"/><line number="1580" hits="2"/><line number="1582" hits="2"/><line number="1583" hits="2"/><line number="1584" hits="1"/><line number="1585" hits="0"/><line number="1586" hits="0"/><line number="1587" hits="0"/><line number="1589" hits="0"/><line number="1590" hits="0"/><line number="1591" hits="0"/><line number="1593" hits="2"/><line number="1596" hits="0"/><line number="1597" hits="2"/><line number="1599" hits="5"/><line number="1600" hits="1"/><line number="1601" hits="1"/><line number="1602" hits="1"/><line number="1604" hits="1"/><line number="1605" hits="2"/><line number="1607" hits="2"/><line number="1608" hits="2"/><line number="1609" hits="1"/><line number="1610" hits="0"/><line number="1611" hits="0"/><line number="1612" hits="0"/><line number="1614" hits="0"/><line number="1615" hits="0"/><line number="1616" hits="0"/><line number="1618" hits="2"/><line number="1621" hits="6"/><line number="1622" hits="6"/><line number="1623" hits="6"/><line number="1624" hits="4"/><line number="1625" hits="0"/><line number="1626" hits="0"/><line number="1627" hits="0"/><line number="1628" hits="0"/><line number="1633" hits="3"/><line number="1634" hits="6"/><line number="1635" hits="10"/><line number="1636" hits="3"/><line number="1637" hits="0"/><line number="1638" hits="0"/><line number="1639" hits="0"/><line number="1640" hits="0"/><line number="1641" hits="0"/><line number="1643" hits="3"/><line number="1644" hits="3"/><line number="1645" hits="0"/><line number="1646" hits="0"/><line number="1647" hits="0"/><line number="1651" hits="2"/><line number="1659" hits="4"/><line number="1660" hits="4"/><line number="1661" hits="4"/><line number="1662" hits="6"/><line number="1663" hits="4"/><line number="1664" hits="2"/><line number="1666" hits="8"/><line number="1669" hits="3"/><line number="1670" hits="3"/><line number="1671" hits="3"/><line number="1672" hits="3"/><line number="1673" hits="10"/><line number="1674" hits="6"/><line number="1675" hits="3"/><line number="1676" hits="6"/><line number="1677" hits="12"/><line number="1678" hits="6"/><line number="1679" hits="3"/><line number="1680" hits="6"/><line numbe
[...]
mber="1681" hits="2"/><line number="1684" hits="3"/><line number="1685" hits="3"/><line number="1688" hits="1"/><line number="1689" hits="2"/><line number="1690" hits="4"/><line number="1691" hits="2"/><line number="1692" hits="1"/><line number="1693" hits="2"/><line number="1695" hits="0"/><line number="1696" hits="0"/><line number="1697" hits="0"/><line number="1698" hits="0"/><line number="1700" hits="0"/><line number="1701" hits="2"/><line number="1702" hits="1"/><line number="1705" hits="1"/><line number="1706" hits="2"/><line number="1707" hits="0"/><line number="1711" hits="1"/><line number="1712" hits="3"/><line number="1713" hits="1"/><line number="1714" hits="2"/><line number="1715" hits="2"/><line number="1716" hits="1"/><line number="1717" hits="0"/><line number="1718" hits="0"/><line number="1719" hits="0"/><line number="1720" hits="0"/><line number="1721" hits="0"/><line number="1724" hits="0"/><line number="1727" hits="3"/><line number="1728" hits="3"/><line number="1730" hits="1"/><line number="1735" hits="3"/><line number="1736" hits="3"/><line number="1737" hits="6"/><line number="1738" hits="0"/><line number="1740" hits="8"/><line number="1741" hits="3"/><line number="1742" hits="0"/><line number="1743" hits="0"/><line number="1744" hits="0"/><line number="1745" hits="3"/><line number="1746" hits="0"/><line number="1748" hits="3"/><line number="1755" hits="4"/><line number="1756" hits="8"/><line number="1759" hits="5"/><line number="1760" hits="13"/><line number="1761" hits="5"/><line number="1762" hits="0"/><line number="1763" hits="0"/><line number="1764" hits="0"/><line number="1765" hits="0"/><line number="1767" hits="5"/><line number="1768" hits="0"/><line number="1769" hits="0"/><line number="1770" hits="0"/><line number="1772" hits="0"/><line number="1775" hits="1"/><line number="1776" hits="4"/><line number="1777" hits="4"/><line number="1778" hits="0"/><line number="1779" hits="0"/><line number="1780" hits="0"/><line number="1782" hits="0"/><line number="1783" hits="0"/><line number="1784" hits="0"/><line number="1785" hits="0"/><line number="1786" hits="0"/><line number="1787" hits="0"/><line number="1792" hits="9"/><line number="1793" hits="34"/><line number="1794" hits="11"/><line number="1795" hits="2"/><line number="1796" hits="4"/><line number="1797" hits="4"/><line number="1798" hits="2"/><line number="1800" hits="9"/><line number="1801" hits="3"/><line number="1802" hits="5"/><line number="1803" hits="2"/><line number="1805" hits="2"/><line number="1808" hits="1"/><line number="1809" hits="23"/><line number="1810" hits="12"/><line number="1811" hits="1"/><line number="1812" hits="4"/><line number="1813" hits="4"/><line number="1814" hits="0"/><line number="1816" hits="0"/><line number="1817" hits="0"/><line number="1818" hits="0"/><line number="1820" hits="8"/><line number="1821" hits="0"/><line number="1822" hits="0"/><line number="1823" hits="0"/><line number="1824" hits="1"/><line number="1825" hits="0"/><line number="1826" hits="0"/><line number="1827" hits="0"/><line number="1837" hits="0"/><line number="1838" hits="0"/><line number="1839" hits="0"/><line number="1840" hits="0"/><line number="1841" hits="0"/><line number="1846" hits="6"/><line number="1847" hits="6"/><line number="1848" hits="6"/><line number="1849" hits="8"/><line number="1850" hits="8"/><line number="1851" hits="8"/><line number="1852" hits="8"/><line number="1854" hits="28"/><line number="1855" hits="1"/><line number="1856" hits="1"/><line number="1858" hits="14"/><line number="1860" hits="15"/><line number="1861" hits="29"/><line number="1862" hits="5"/><line number="1863" hits="18"/><line number="1864" hits="1"/><line number="1865" hits="3"/><line number="1866" hits="0"/><line number="1867" hits="3"/><line number="1868" hits="0"/><line number="1869" hits="0"/><line number="1870" hits="1"/><line number="1871" hits="1"/><line number="1873" hits="10"/><line number="1875" hits="9"/><line number="1876" hits="10"/><line number="1877" hits="13"/><line number="1878" hits="5"/><line number="1884" hits="10"/><line number="1885" hits="8"/><line number="1889" hits="3"/><line number="1890" hits="3"/><line number="1891" hits="3"/><line number="1895" hits="1"/><line number="1896" hits="2"/><line number="1897" hits="1"/><line number="1898" hits="1"/><line number="1899" hits="1"/><line number="1900" hits="1"/><line number="1901" hits="0"/><line number="1903" hits="0"/><line number="1904" hits="0"/><line number="1905" hits="0"/><line number="1907" hits="4"/><line number="1908" hits="0"/><line number="1909" hits="3"/><line number="1910" hits="3"/><line number="1911" hits="1"/><line number="1912" hits="1"/><line number="1913" hits="1"/><line number="1914" hits="0"/><line number="1916" hits="1"/><line number="1920" hits="11"/><line number="1927" hits="21"/><line number="1928" hits="2"/><line number="1929" hits="1"/><line number="1930" hits="1"/><line number="1931" hits="0"/><line number="1932" hits="0"/><line number="1933" hits="0"/><line number="1936" hits="1"/><line number="1938" hits="21"/><line number="1939" hits="0"/><line number="1940" hits="0"/><line number="1943" hits="0"/><line number="1945" hits="16"/><line number="1946" hits="18"/><line number="1949" hits="0"/><line number="1951" hits="10"/><line number="1954" hits="0"/><line number="1956" hits="5"/><line number="1958" hits="2"/><line number="1959" hits="4"/><line number="1960" hits="4"/><line number="1961" hits="1"/><line number="1965" hits="1"/><line number="1966" hits="2"/><line number="1967" hits="1"/><line number="1968" hits="1"/><line number="1972" hits="13"/><line number="1973" hits="8"/><line number="1974" hits="13"/><line number="1975" hits="30"/><line number="1978" hits="0"/><line number="1980" hits="7"/><line number="1983" hits="7"/><line number="1986" hits="1"/><line number="1987" hits="1"/><line number="1994" hits="6"/><line number="1995" hits="16"/><line number="1997" hits="6"/><line number="2000" hits="4"/><line number="2004" hits="2"/><line number="2010" hits="2"/><line number="2012" hits="0"/><line number="2013" hits="0"/><line number="2016" hits="2"/><line number="2020" hits="2"/><line number="2026" hits="4"/><line number="2027" hits="2"/><line number="2028" hits="2"/><line number="2029" hits="2"/><line number="2030" hits="2"/><line number="2033" hits="7"/><line number="2039" hits="12"/><line number="2040" hits="7"/><line number="2043" hits="1"/><line number="2044" hits="6"/><line number="2048" hits="2"/><line number="2053" hits="4"/><line number="2054" hits="2"/><line number="2055" hits="2"/><line number="2059" hits="6"/><line number="2064" hits="15"/><line number="2065" hits="14"/><line number="2066" hits="4"/><line number="2067" hits="4"/><line number="2070" hits="0"/><line number="2072" hits="10"/><line number="2073" hits="10"/><line number="2074" hits="2"/><line number="2075" hits="11"/><line number="2076" hits="26"/><line number="2077" hits="27"/><line number="2078" hits="14"/><line number="2079" hits="15"/><line number="2081" hits="4"/><line number="2082" hits="4"/><line number="2083" hits="0"/><line number="2084" hits="0"/><line number="2085" hits="0"/><line number="2086" hits="0"/><line number="2088" hits="0"/><line number="2089" hits="0"/><line number="2090" hits="0"/><line number="2091" hits="0"/><line number="2092" hits="0"/><line number="2101" hits="2"/><line number="2102" hits="6"/><line number="2103" hits="2"/><line number="2104" hits="2"/><line number="2109" hits="1"/><line number="2110" hits="1"/><line number="2111" hits="2"/><line number="2112" hits="1"/><line number="2113" hits="1"/><line number="2117" hits="12"/><line number="2118" hits="12"/><line number="2119" hits="13"/><line number="2120" hits="2"/><line number="2121" hits="1"/><line number="2123" hits="0"/><line number="2127" hits="0"/><line number="2128" hits="0"/><line number="2129" hits="0"/><line number="2135" hits="10"/><line number="2136" hits="11"/><line number="2137" hits="14"/><line number="2138" hits="2"/><line number="2140" hits="11"/><line number="2144" hits="4"/><line number="2145" hits="8"/><line number="2146" hits="0"/><line number="2147" hits="0"/><line number="2148" hits="0"/><line number="2150" hits="0"/><line number="2152" hits="4"/><line number="2156" hits="2"/><line number="2157" hits="4"/><line number="2158" hits="9"/><line number="2159" hits="2"/><line number="2160" hits="3"/><line number="2161" hits="2"/><line number="2163" hits="2"/><line number="2166" hits="10"/><line number="2167" hits="10"/><line number="2168" hits="38"/><line number="2169" hits="12"/><line number="2170" hits="15"/><line number="2171" hits="18"/><line number="2172" hits="3"/><line number="2173" hits="6"/><line number="2174" hits="6"/><line number="2175" hits="6"/><line number="2176" hits="3"/><line number="2179" hits="0"/><line number="2180" hits="0"/><line number="2181" hits="0"/><line number="2185" hits="0"/><line number="2186" hits="0"/><line number="2188" hits="0"/><line number="2189" hits="0"/><line number="2190" hits="0"/><line number="2191" hits="0"/><line number="2194" hits="0"/><line number="2197" hits="12"/><line number="2200" hits="12"/><line number="2205" hits="2"/><line number="2206" hits="2"/><line number="2207" hits="2"/><line number="2208" hits="2"/><line number="2212" hits="3"/><line number="2213" hits="3"/><line number="2214" hits="4"/><line number="2215" hits="6"/><line number="2216" hits="2"/><line number="2218" hits="3"/><line number="2219" hits="3"/><line number="2220" hits="3"/><line number="2221" hits="3"/><line number="2222" hits="1"/><line number="2224" hits="3"/><line number="2225" hits="3"/><line number="2227" hits="1"/><line number="2232" hits="3"/><line number="2233" hits="3"/><line number="2234" hits="3"/><line number="2235" hits="3"/><line number="2236" hits="3"/><line number="2239" hits="7"/><line number="2240" hits="6"/><line number="2246" hits="3"/><line number="2247" hits="7"/><line number="2248" hits="4"/><line number="2249" hits="4"/><line number="2255" hits="1"/><line number="2256" hits="5"/><line number="2257" hits="2"/><line number="2258" hits="0"/></lines></class><class name="method" filename="src/vm/method.rs" line-rate="0.6551724137931034" branch-rate="0" complexity="0"><methods/><lines><line number="12" hits="0"/><line number="13" hits="0"/><line number="18" hits="7"/><line number="19" hits="8"/><line number="24" hits="6"/><line number="25" hits="7"/><line number="30" hits="11"/><line number="31" hits="8"/><line number="44" hits="11"/><line number="46" hits="11"/><line number="50" hits="7"/><line number="51" hits="20"/><line number="52" hits="6"/><line number="54" hits="0"/><line number="66" hits="0"/><line number="67" hits="0"/><line number="68" hits="0"/><line number="69" hits="0"/><line number="70" hits="0"/><line number="71" hits="0"/><line number="117" hits="6"/><line number="130" hits="5"/><line number="145" hits="11"/><line number="148" hits="6"/><line number="167" hits="0"/><line number="169" hits="0"/><line number="175" hits="0"/><line number="176" hits="0"/><line number="177" hits="0"/><line number="178" hits="0"/><line number="179" hits="0"/><line number="180" hits="0"/><line number="181" hits="0"/><line number="185" hits="9"/><line number="186" hits="15"/><line number="187" hits="18"/><line number="188" hits="9"/><line number="200" hits="32"/><line number="202" hits="64"/><line number="209" hits="32"/><line number="210" hits="32"/><line number="211" hits="64"/><line number="212" hits="32"/><line number="213" hits="32"/><line number="216" hits="11"/><line number="217" hits="11"/><line number="218" hits="12"/><line number="219" hits="11"/><line number="220" hits="11"/><line number="223" hits="4"/><line number="224" hits="6"/><line number="227" hits="8"/><line number="228" hits="13"/><line number="231" hits="0"/><line number="232" hits="0"/><line number="246" hits="1"/><line number="258" hits="1"/><line number="259" hits="1"/></lines></class><class name="perf" filename="src/vm/perf.rs" line-rate="0" branch-rate="0" complexity="0"><methods/><lines><line number="11" hits="0"/><line number="14" hits="0"/><line number="33" hits="0"/><line number="35" hits="0"/><line number="36" hits="0"/><line number="41" hits="0"/><line number="42" hits="0"/><line number="43" hits="0"/><line number="44" hits="0"/><line number="45" hits="0"/><line number="47" hits="0"/><line number="48" hits="0"/><line number="51" hits="0"/><line number="52" hits="0"/><line number="53" hits="0"/><line number="54" hits="0"/><line number="58" hits="0"/><line number="59" hits="0"/><line number="62" hits="0"/><line number="63" hits="0"/><line number="66" hits="0"/><line number="67" hits="0"/><line number="68" hits="0"/><line number="69" hits="0"/><line number="73" hits="0"/><line number="74" hits="0"/><line number="75" hits="0"/><line number="76" hits="0"/><line number="77" hits="0"/><line number="79" hits="0"/><line number="80" hits="0"/><line number="81" hits="0"/><line number="82" hits="0"/><line number="83" hits="0"/><line number="85" hits="0"/><line number="87" hits="0"/><line number="88" hits="0"/><line number="90" hits="0"/><line number="92" hits="0"/><line number="93" hits="0"/><line number="94" hits="0"/><line number="95" hits="0"/><line number="97" hits="0"/><line number="99" hits="0"/><line number="100" hits="0"/><line number="101" hits="0"/><line number="102" hits="0"/><line number="104" hits="0"/><line number="106" hits="0"/><line number="107" hits="0"/><line number="110" hits="0"/></lines></class><class name="vm_inst" filename="src/vm/vm_inst.rs" line-rate="0" branch-rate="0" complexity="0"><methods/><lines><line number="85" hits="0"/><line number="86" hits="0"/><line number="87" hits="0"/><line number="88" hits="0"/><line number="89" hits="0"/><line number="90" hits="0"/><line number="91" hits="0"/><line number="92" hits="0"/><line number="93" hits="0"/><line number="94" hits="0"/><line number="96" hits="0"/><line number="97" hits="0"/><line number="98" hits="0"/><line number="99" hits="0"/><line number="100" hits="0"/><line number="101" hits="0"/><line number="102" hits="0"/><line number="103" hits="0"/><line number="104" hits="0"/><line number="105" hits="0"/><line number="106" hits="0"/><line number="107" hits="0"/><line number="108" hits="0"/><line number="109" hits="0"/><line number="110" hits="0"/><line number="111" hits="0"/><line number="112" hits="0"/><line number="113" hits="0"/><line number="114" hits="0"/><line number="116" hits="0"/><line number="117" hits="0"/><line number="118" hits="0"/><line number="120" hits="0"/><line number="121" hits="0"/><line number="122" hits="0"/><line number="123" hits="0"/><line number="124" hits="0"/><line number="125" hits="0"/><line number="127" hits="0"/><line number="128" hits="0"/><line number="129" hits="0"/><line number="130" hits="0"/><line number="131" hits="0"/><line number="132" hits="0"/><line number="134" hits="0"/><line number="135" hits="0"/><line number="137" hits="0"/><line number="139" hits="0"/><line number="140" hits="0"/><line number="141" hits="0"/><line number="142" hits="0"/><line number="143" hits="0"/><line number="145" hits="0"/><line number="146" hits="0"/><line number="147" hits="0"/><line number="148" hits="0"/><line number="149" hits="0"/><line number="150" hits="0"/><line number="152" hits="0"/><line number="153" hits="0"/><line number="154" hits="0"/><line number="156" hits="0"/><line number="157" hits="0"/><line number="158" hits="0"/><line number="159" hits="0"/><line number="160" hits="0"/><line number="161" hits="0"/><line number="162" hits="0"/><line number="164" hits="0"/><line number="168" hits="0"/><line number="169" hits="0"/><line number="170" hits="0"/><line number="171" hits="0"/><line number="172" hits="0"/><line number="173" hits="0"/><line number="174" hits="0"/><line number="175" hits="0"/><line number="176" hits="0"/><line number="177" hits="0"/><line number="178" hits="0"/><line number="179" hits="0"/><line number="180" hits="0"/><line number="181" hits="0"/><line number="182" hits="0"/><line number="183" hits="0"/><line number="184" hits="0"/><line number="185" hits="0"/><line number="186" hits="0"/><line number="187" hits="0"/><line number="188" hits="0"/><line number="189" hits="0"/><line number="190" hits="0"/><line number="191" hits="0"/><line number="192" hits="0"/><line number="193" hits="0"/><line number="194" hits="0"/><line number="195" hits="0"/><line number="196" hits="0"/><line number="208" hits="0"/><line number="209" hits="0"/><line number="211" hits="0"/><line number="224" hits="0"/><line number="226" hits="0"/><line number="227" hits="0"/><line number="228" hits="0"/><line number="229" hits="0"/><line number="230" hits="0"/><line number="231" hits="0"/><line number="232" hits="0"/><line number="233" hits="0"/><line number="234" hits="0"/><line number="235" hits="0"/><line number="236" hits="0"/><line number="240" hits="0"/><line number="241" hits="0"/><line number="242" hits="0"/><line number="243" hits="0"/><line number="244" hits="0"/><line number="245" hits="0"/><line number="246" hits="0"/><line number="247" hits="0"/><line number="248" hits="0"/><line number="249" hits="0"/><line number="250" hits="0"/><line number="251" hits="0"/><line number="252" hits="0"/><line number="253" hits="0"/><line number="254" hits="0"/><line number="255" hits="0"/><line number="256" hits="0"/><line number="257" hits="0"/><line number="258" hits="0"/><line number="259" hits="0"/><line number="260" hits="0"/><line number="261" hits="0"/><line number="262" hits="0"/><line number="263" hits="0"/><line number="264" hits="0"/><line number="265" hits="0"/><line number="266" hits="0"/><line number="267" hits="0"/><line number="268" hits="0"/><line number="269" hits="0"/><line number="270" hits="0"/><line number="271" hits="0"/><line number="272" hits="0"/><line number="273" hits="0"/><line number="274" hits="0"/><line number="275" hits="0"/><line number="276" hits="0"/><line number="277" hits="0"/><line number="278" hits="0"/><line number="279" hits="0"/><line number="282" hits="0"/><line number="284" hits="0"/><line number="286" hits="0"/><line number="288" hits="0"/><line number="290" hits="0"/><line number="297" hits="0"/><line number="299" hits="0"/><line number="302" hits="0"/><line number="303" hits="0"/><line number="304" hits="0"/><line number="305" hits="0"/><line number="306" hits="0"/><line number="307" hits="0"/><line number="309" hits="0"/><line number="310" hits="0"/><line number="311" hits="0"/><line number="312" hits="0"/><line number="313" hits="0"/><line number="314" hits="0"/><line number="316" hits="0"/><line number="317" hits="0"/><line number="318" hits="0"/><line number="319" hits="0"/><line number="320" hits="0"/><line number="321" hits="0"/><line number="323" hits="0"/><line number="324" hits="0"/><line number="326" hits="0"/><line number="328" hits="0"/><line number="329" hits="0"/><line number="330" hits="0"/><line number="331" hits="0"/><line number="332" hits="0"/><line number="333" hits="0"/><line number="334" hits="0"/><line number="336" hits="0"/><line number="337" hits="0"/><line number="339" hits="0"/><line number="341" hits="0"/><line number="342" hits="0"/><line number="345" hits="0"/><line number="346" hits="0"/><line number="347" hits="0"/><line number="348" hits="0"/><line number="349" hits="0"/><line number="350" hits="0"/><line number="352" hits="0"/><line number="353" hits="0"/><line number="355" hits="0"/><line number="357" hits="0"/><line number="358" hits="0"/><line number="360" hits="0"/><line number="361" hits="0"/><line number="362" hits="0"/><line number="364" hits="0"/><line number="368" hits="0"/><line number="369" hits="0"/><line number="370" hits="0"/><line number="373" hits="0"/><line number="374" hits="0"/><line number="375" hits="0"/><line number="378" hits="0"/><line number="379" hits="0"/><line number="382" hits="0"/><line number="383" hits="0"/></lines></class></classes></package></packages></coverage>